<?xml version="1.0" encoding="UTF-8"?>
<!-- Generated by org.testng.reporters.JUnitReportReporter -->
<testsuite hostname="PIL-L-L-21-032" failures="0" tests="2" name="testCases.Unapplied_Cash_Posting_Details_Report" time="106.587" errors="0" timestamp="2021-06-15T12:12:16 IST" skipped="0">
  <testcase classname="testCases.Unapplied_Cash_Posting_Details_Report" name="clickReports" time="0.002"/>
  <system-out/>
  <testcase classname="testCases.Unapplied_Cash_Posting_Details_Report" name="clickunappliedcashpost" time="106.585"/>
  <system-out/>
</testsuite> <!-- testCases.Unapplied_Cash_Posting_Details_Report -->
