<?xml version="1.0" encoding="UTF-8"?>
<!-- Generated by org.testng.reporters.JUnitReportReporter -->
<testsuite hostname="PIL-L-L-21-032" failures="0" tests="14" name="testCases.Cash_Postings_List" time="172.038" errors="0" timestamp="2021-06-15T12:12:16 IST" skipped="0">
  <testcase classname="testCases.Cash_Postings_List" name="clickCashPostMenu" time="0.002"/>
  <system-out/>
  <testcase classname="testCases.Cash_Postings_List" name="clickCashPost" time="3.881"/>
  <system-out/>
  <testcase classname="testCases.Cash_Postings_List" name="verifyExpand" time="10.611"/>
  <system-out/>
  <testcase classname="testCases.Cash_Postings_List" name="VerifyNoResult" time="17.107"/>
  <system-out/>
  <testcase classname="testCases.Cash_Postings_List" name="clearsearch" time="2.223"/>
  <system-out/>
  <testcase classname="testCases.Cash_Postings_List" name="VerifySort" time="37.123"/>
  <system-out/>
  <testcase classname="testCases.Cash_Postings_List" name="VerifyPagination" time="8.268"/>
  <system-out/>
  <testcase classname="testCases.Cash_Postings_List" name="VerifySearchResult" time="17.082"/>
  <system-out/>
  <testcase classname="testCases.Cash_Postings_List" name="GetResult" time="0.292"/>
  <system-out/>
  <testcase classname="testCases.Cash_Postings_List" name="GoToDetails" time="5.470"/>
  <system-out/>
  <testcase classname="testCases.Cash_Postings_List" name="GoBackList" time="3.368"/>
  <system-out/>
  <testcase classname="testCases.Cash_Postings_List" name="VerifyAddNewvalidation" time="15.392"/>
  <system-out/>
  <testcase classname="testCases.Cash_Postings_List" name="AddCancelValidation" time="23.391"/>
  <system-out/>
  <testcase classname="testCases.Cash_Postings_List" name="AddNewCP" time="27.828"/>
  <system-out/>
</testsuite> <!-- testCases.Cash_Postings_List -->
