<?xml version="1.0" encoding="UTF-8"?>
<!-- Generated by org.testng.reporters.JUnitReportReporter -->
<testsuite hostname="PIL-L-L-21-032" failures="0" tests="27" name="testCases.Services_AppPayment_Detail" time="286.512" errors="0" timestamp="2021-06-15T12:12:16 IST" skipped="0">
  <testcase classname="testCases.Services_AppPayment_Detail" name="AppPaymentdetails" time="0.001"/>
  <system-out/>
  <testcase classname="testCases.Services_AppPayment_Detail" name="CheckServiceRecord" time="27.733"/>
  <system-out/>
  <testcase classname="testCases.Services_AppPayment_Detail" name="getRecord" time="0.439"/>
  <system-out/>
  <testcase classname="testCases.Services_AppPayment_Detail" name="GoToDetail" time="5.189"/>
  <system-out/>
  <testcase classname="testCases.Services_AppPayment_Detail" name="VerifyExpand" time="24.890"/>
  <system-out/>
  <testcase classname="testCases.Services_AppPayment_Detail" name="VerifySearch" time="4.555"/>
  <system-out/>
  <testcase classname="testCases.Services_AppPayment_Detail" name="AddAdjustValidation" time="29.037"/>
  <system-out/>
  <testcase classname="testCases.Services_AppPayment_Detail" name="AddPaymentAdjustByIcon" time="6.399"/>
  <system-out/>
  <testcase classname="testCases.Services_AppPayment_Detail" name="Searchvalidation" time="4.230"/>
  <system-out/>
  <testcase classname="testCases.Services_AppPayment_Detail" name="SearchValidRecord" time="2.347"/>
  <system-out/>
  <testcase classname="testCases.Services_AppPayment_Detail" name="EditAdjustment" time="8.244"/>
  <system-out/>
  <testcase classname="testCases.Services_AppPayment_Detail" name="EditedAdjust" time="6.343"/>
  <system-out/>
  <testcase classname="testCases.Services_AppPayment_Detail" name="DeleteAdjust" time="10.290"/>
  <system-out/>
  <testcase classname="testCases.Services_AppPayment_Detail" name="VerifyDelete" time="6.206"/>
  <system-out/>
  <testcase classname="testCases.Services_AppPayment_Detail" name="AddQuantityAdjust" time="16.665"/>
  <system-out/>
  <testcase classname="testCases.Services_AppPayment_Detail" name="AddPaymentQuantityAdjustByIcon" time="12.652"/>
  <system-out/>
  <testcase classname="testCases.Services_AppPayment_Detail" name="AddFlatAdjustByButton" time="6.215"/>
  <system-out/>
  <testcase classname="testCases.Services_AppPayment_Detail" name="AddAdjustButtonValidation" time="17.558"/>
  <system-out/>
  <testcase classname="testCases.Services_AppPayment_Detail" name="AddNewFlatAdjust" time="6.470"/>
  <system-out/>
  <testcase classname="testCases.Services_AppPayment_Detail" name="AddQuantityAdjustByButton" time="2.101"/>
  <system-out/>
  <testcase classname="testCases.Services_AppPayment_Detail" name="AddAdjustQuantityValidation" time="17.538"/>
  <system-out/>
  <testcase classname="testCases.Services_AppPayment_Detail" name="AddNewQuantityAdjust" time="12.429"/>
  <system-out/>
  <testcase classname="testCases.Services_AppPayment_Detail" name="sortAdjustmenu" time="20.789"/>
  <system-out/>
  <testcase classname="testCases.Services_AppPayment_Detail" name="sortPaymentLine" time="20.861"/>
  <system-out/>
  <testcase classname="testCases.Services_AppPayment_Detail" name="VerifyViewall" time="4.185"/>
  <system-out/>
  <testcase classname="testCases.Services_AppPayment_Detail" name="deleteAllAdjust" time="8.262"/>
  <system-out/>
  <testcase classname="testCases.Services_AppPayment_Detail" name="canceldetail" time="4.884"/>
  <system-out/>
</testsuite> <!-- testCases.Services_AppPayment_Detail -->
