<?xml version="1.0" encoding="UTF-8"?>
<!-- Generated by org.testng.reporters.JUnitReportReporter -->
<testsuite hostname="PIL-L-L-21-032" failures="0" tests="21" name="testCases.OWCP_Detail" time="247.859" errors="0" timestamp="2021-06-15T12:12:16 IST" skipped="1">
  <testcase classname="testCases.OWCP_Detail" name="GoToAddOWCP" time="16.440"/>
  <system-out/>
  <testcase classname="testCases.OWCP_Detail" name="SearchOWCPRecord" time="17.500"/>
  <system-out/>
  <testcase classname="testCases.OWCP_Detail" name="GetRecord" time="2.762"/>
  <system-out/>
  <testcase classname="testCases.OWCP_Detail" name="OWCPExpand" time="12.369"/>
  <system-out/>
  <testcase classname="testCases.OWCP_Detail" name="AddCPTFactorValidation" time="29.271"/>
  <system-out/>
  <testcase classname="testCases.OWCP_Detail" name="SearchAddedCode" time="2.172"/>
  <system-out/>
  <testcase classname="testCases.OWCP_Detail" name="EditCode" time="10.495"/>
  <system-out/>
  <testcase classname="testCases.OWCP_Detail" name="ExcelImportValidation" time="8.278"/>
  <system-out/>
  <testcase classname="testCases.OWCP_Detail" name="Download" time="2.197"/>
  <system-out/>
  <testcase classname="testCases.OWCP_Detail" name="VerifyInvalidUploadTemplate" time="10.175"/>
  <system-out/>
  <testcase classname="testCases.OWCP_Detail" name="VerifyValidUploadTemplate" time="16.410"/>
  <system-out/>
  <testcase classname="testCases.OWCP_Detail" name="deleteuploadedCPTFactor" time="22.711"/>
  <system-out/>
  <testcase classname="testCases.OWCP_Detail" name="multipleUpload" time="10.364"/>
  <system-out/>
  <testcase classname="testCases.OWCP_Detail" name="SortBillingMedicareCode" time="12.389"/>
  <system-out/>
  <testcase classname="testCases.OWCP_Detail" name="SaveSatus" time="4.108"/>
  <system-out/>
  <testcase classname="testCases.OWCP_Detail" name="SubmitSatus" time="8.323"/>
  <system-out/>
  <testcase classname="testCases.OWCP_Detail" name="RejectStatus" time="16.612"/>
  <system-out/>
  <testcase classname="testCases.OWCP_Detail" name="AuditHistory" time="8.304"/>
  <system-out/>
  <testcase classname="testCases.OWCP_Detail" name="CancelStatus" time="1.701"/>
  <system-out/>
  <testcase classname="testCases.OWCP_Detail" name="DeleteMasterRecord" time="35.278"/>
  <system-out/>
  <testcase classname="testCases.OWCP_Detail" name="GoCPTDetails">
    <skipped/>
  </testcase> <!-- GoCPTDetails -->
  <system-out/>
</testsuite> <!-- testCases.OWCP_Detail -->
