<?xml version="1.0" encoding="UTF-8"?>
<!-- Generated by org.testng.reporters.JUnitReportReporter -->
<testsuite hostname="PIL-L-L-21-032" failures="0" tests="13" name="testCases.Client_Contract_List" time="182.129" errors="0" timestamp="2021-06-15T12:12:16 IST" skipped="0">
  <testcase classname="testCases.Client_Contract_List" name="clicksetup" time="0.150"/>
  <system-out/>
  <testcase classname="testCases.Client_Contract_List" name="clientcontract" time="14.570"/>
  <system-out/>
  <testcase classname="testCases.Client_Contract_List" name="Selectid" time="5.606"/>
  <system-out/>
  <testcase classname="testCases.Client_Contract_List" name="selectlob" time="4.448"/>
  <system-out/>
  <testcase classname="testCases.Client_Contract_List" name="selectdate" time="8.671"/>
  <system-out/>
  <testcase classname="testCases.Client_Contract_List" name="searchsubmit" time="2.102"/>
  <system-out/>
  <testcase classname="testCases.Client_Contract_List" name="searchresult" time="0.037"/>
  <system-out/>
  <testcase classname="testCases.Client_Contract_List" name="clearsearch" time="2.266"/>
  <system-out/>
  <testcase classname="testCases.Client_Contract_List" name="sortcolumn" time="37.470"/>
  <system-out/>
  <testcase classname="testCases.Client_Contract_List" name="ccpagination" time="10.272"/>
  <system-out/>
  <testcase classname="testCases.Client_Contract_List" name="verifysearchresult" time="21.825"/>
  <system-out/>
  <testcase classname="testCases.Client_Contract_List" name="clientdetails" time="0.884"/>
  <system-out/>
  <testcase classname="testCases.Client_Contract_List" name="checkUnsave" time="73.828"/>
  <system-out/>
</testsuite> <!-- testCases.Client_Contract_List -->
