<?xml version="1.0" encoding="UTF-8"?>
<!-- Generated by org.testng.reporters.JUnitReportReporter -->
<testsuite hostname="PIL-L-L-21-032" failures="0" tests="28" name="testCases.Unapplied_Cash_Posting_Details" time="224.689" errors="0" timestamp="2021-06-15T12:12:16 IST" skipped="0">
  <testcase classname="testCases.Unapplied_Cash_Posting_Details" name="clickCashPostMenu" time="0.001"/>
  <system-out/>
  <testcase classname="testCases.Unapplied_Cash_Posting_Details" name="clickCashPost" time="0.001"/>
  <system-out/>
  <testcase classname="testCases.Unapplied_Cash_Posting_Details" name="verifySearch" time="9.045"/>
  <system-out/>
  <testcase classname="testCases.Unapplied_Cash_Posting_Details" name="cashpostingdetails" time="2.629"/>
  <system-out/>
  <testcase classname="testCases.Unapplied_Cash_Posting_Details" name="TakeScreenshot" time="0.109"/>
  <system-out/>
  <testcase classname="testCases.Unapplied_Cash_Posting_Details" name="VerifyPageLabel" time="2.033"/>
  <system-out/>
  <testcase classname="testCases.Unapplied_Cash_Posting_Details" name="VerifyExpand" time="12.366"/>
  <system-out/>
  <testcase classname="testCases.Unapplied_Cash_Posting_Details" name="VerifyUnsaveNo" time="24.221"/>
  <system-out/>
  <testcase classname="testCases.Unapplied_Cash_Posting_Details" name="VerifyUnsaveYes" time="8.291"/>
  <system-out/>
  <testcase classname="testCases.Unapplied_Cash_Posting_Details" name="clickAddInvoice" time="4.157"/>
  <system-out/>
  <testcase classname="testCases.Unapplied_Cash_Posting_Details" name="sortAddInvoicepopup" time="12.419"/>
  <system-out/>
  <testcase classname="testCases.Unapplied_Cash_Posting_Details" name="InvalidSearch" time="12.494"/>
  <system-out/>
  <testcase classname="testCases.Unapplied_Cash_Posting_Details" name="ValidSearch" time="10.503"/>
  <system-out/>
  <testcase classname="testCases.Unapplied_Cash_Posting_Details" name="AddAllInvoice" time="8.320"/>
  <system-out/>
  <testcase classname="testCases.Unapplied_Cash_Posting_Details" name="RemoveAll" time="12.406"/>
  <system-out/>
  <testcase classname="testCases.Unapplied_Cash_Posting_Details" name="VerifyConfirmInvWarn" time="2.092"/>
  <system-out/>
  <testcase classname="testCases.Unapplied_Cash_Posting_Details" name="AddValidInvoice" time="8.422"/>
  <system-out/>
  <testcase classname="testCases.Unapplied_Cash_Posting_Details" name="SelectInvoice" time="4.135"/>
  <system-out/>
  <testcase classname="testCases.Unapplied_Cash_Posting_Details" name="VerifySelectedInvoice" time="10.488"/>
  <system-out/>
  <testcase classname="testCases.Unapplied_Cash_Posting_Details" name="VerifyEnterAmountWarn" time="8.188"/>
  <system-out/>
  <testcase classname="testCases.Unapplied_Cash_Posting_Details" name="EnterAmountNow" time="4.169"/>
  <system-out/>
  <testcase classname="testCases.Unapplied_Cash_Posting_Details" name="CheckApplyPending" time="8.287"/>
  <system-out/>
  <testcase classname="testCases.Unapplied_Cash_Posting_Details" name="GoToList" time="13.923"/>
  <system-out/>
  <testcase classname="testCases.Unapplied_Cash_Posting_Details" name="Reversecashpostingdetails" time="2.833"/>
  <system-out/>
  <testcase classname="testCases.Unapplied_Cash_Posting_Details" name="ClickReversePost" time="8.254"/>
  <system-out/>
  <testcase classname="testCases.Unapplied_Cash_Posting_Details" name="GoToListforclose" time="10.917"/>
  <system-out/>
  <testcase classname="testCases.Unapplied_Cash_Posting_Details" name="GoToUnappliedCash" time="2.911"/>
  <system-out/>
  <testcase classname="testCases.Unapplied_Cash_Posting_Details" name="RefundClose" time="21.075"/>
  <system-out/>
</testsuite> <!-- testCases.Unapplied_Cash_Posting_Details -->
