<?xml version="1.0" encoding="UTF-8"?>
<!-- Generated by org.testng.reporters.JUnitReportReporter -->
<testsuite hostname="PIL-L-L-21-032" failures="0" tests="2" name="testCases.Unbilling_Services_Report" time="113.483" errors="0" timestamp="2021-06-15T12:12:16 IST" skipped="0">
  <testcase classname="testCases.Unbilling_Services_Report" name="clickReports" time="0.002"/>
  <system-out/>
  <testcase classname="testCases.Unbilling_Services_Report" name="UnbillingServices" time="113.481"/>
  <system-out/>
</testsuite> <!-- testCases.Unbilling_Services_Report -->
