<?xml version="1.0" encoding="UTF-8"?>
<!-- Generated by org.testng.reporters.JUnitReportReporter -->
<testsuite hostname="PIL-L-L-21-032" failures="0" tests="46" name="testCases.Vendor_Invoice_Details" time="449.907" errors="0" timestamp="2021-06-15T12:12:16 IST" skipped="0">
  <testcase classname="testCases.Vendor_Invoice_Details" name="clickVendorInvoice" time="2.888"/>
  <system-out/>
  <testcase classname="testCases.Vendor_Invoice_Details" name="verifyShippingSearch" time="21.286"/>
  <system-out/>
  <testcase classname="testCases.Vendor_Invoice_Details" name="cashpostingdetails" time="3.086"/>
  <system-out/>
  <testcase classname="testCases.Vendor_Invoice_Details" name="VerifyExpand" time="12.421"/>
  <system-out/>
  <testcase classname="testCases.Vendor_Invoice_Details" name="SearchInvoiceField" time="4.191"/>
  <system-out/>
  <testcase classname="testCases.Vendor_Invoice_Details" name="sortInvoiceGrid" time="12.413"/>
  <system-out/>
  <testcase classname="testCases.Vendor_Invoice_Details" name="ViewAll" time="4.182"/>
  <system-out/>
  <testcase classname="testCases.Vendor_Invoice_Details" name="VerifyReject" time="16.450"/>
  <system-out/>
  <testcase classname="testCases.Vendor_Invoice_Details" name="VerifyCancel" time="3.210"/>
  <system-out/>
  <testcase classname="testCases.Vendor_Invoice_Details" name="verifyTravelSearch" time="21.546"/>
  <system-out/>
  <testcase classname="testCases.Vendor_Invoice_Details" name="Traveldetails" time="2.673"/>
  <system-out/>
  <testcase classname="testCases.Vendor_Invoice_Details" name="VerifyTravelExpand" time="12.387"/>
  <system-out/>
  <testcase classname="testCases.Vendor_Invoice_Details" name="SearchTravelInvoiceField" time="4.188"/>
  <system-out/>
  <testcase classname="testCases.Vendor_Invoice_Details" name="sortTravelInvoiceGrid" time="12.402"/>
  <system-out/>
  <testcase classname="testCases.Vendor_Invoice_Details" name="TravelViewAll" time="4.189"/>
  <system-out/>
  <testcase classname="testCases.Vendor_Invoice_Details" name="VerifyTravelReject" time="16.445"/>
  <system-out/>
  <testcase classname="testCases.Vendor_Invoice_Details" name="VerifyTravelCancel" time="4.709"/>
  <system-out/>
  <testcase classname="testCases.Vendor_Invoice_Details" name="verifyVaccineSearch" time="21.566"/>
  <system-out/>
  <testcase classname="testCases.Vendor_Invoice_Details" name="Vaccinedetails" time="2.984"/>
  <system-out/>
  <testcase classname="testCases.Vendor_Invoice_Details" name="VerifyVaccineExpand" time="12.340"/>
  <system-out/>
  <testcase classname="testCases.Vendor_Invoice_Details" name="SearchVaccineInvoiceField" time="4.189"/>
  <system-out/>
  <testcase classname="testCases.Vendor_Invoice_Details" name="sortVaccineInvoiceGrid" time="12.383"/>
  <system-out/>
  <testcase classname="testCases.Vendor_Invoice_Details" name="VaccineViewAll" time="4.168"/>
  <system-out/>
  <testcase classname="testCases.Vendor_Invoice_Details" name="VerifyVaccineReject" time="16.494"/>
  <system-out/>
  <testcase classname="testCases.Vendor_Invoice_Details" name="VerifyVaccineCancel" time="4.942"/>
  <system-out/>
  <testcase classname="testCases.Vendor_Invoice_Details" name="verifyDiagnosticSearch" time="21.301"/>
  <system-out/>
  <testcase classname="testCases.Vendor_Invoice_Details" name="Diagnosticdetails" time="3.169"/>
  <system-out/>
  <testcase classname="testCases.Vendor_Invoice_Details" name="VerifyDiagnosticMatchedExpand" time="16.558"/>
  <system-out/>
  <testcase classname="testCases.Vendor_Invoice_Details" name="SearchDiagnosticMatchedInvoiceField" time="4.213"/>
  <system-out/>
  <testcase classname="testCases.Vendor_Invoice_Details" name="VerifyLink" time="4.231"/>
  <system-out/>
  <testcase classname="testCases.Vendor_Invoice_Details" name="sortDiagnosticMatchedInvoiceGrid" time="18.540"/>
  <system-out/>
  <testcase classname="testCases.Vendor_Invoice_Details" name="SearchMisMatchedInvoiceField" time="4.160"/>
  <system-out/>
  <testcase classname="testCases.Vendor_Invoice_Details" name="sortMisMatchedInvoiceGrid" time="16.561"/>
  <system-out/>
  <testcase classname="testCases.Vendor_Invoice_Details" name="DiagnosticMatchedViewAll" time="4.177"/>
  <system-out/>
  <testcase classname="testCases.Vendor_Invoice_Details" name="VerifyDiagnosticMatchedReject" time="16.519"/>
  <system-out/>
  <testcase classname="testCases.Vendor_Invoice_Details" name="VerifyDiagnosticMatchedCancel" time="4.612"/>
  <system-out/>
  <testcase classname="testCases.Vendor_Invoice_Details" name="verifyDiagnosticMismatchSearch" time="21.424"/>
  <system-out/>
  <testcase classname="testCases.Vendor_Invoice_Details" name="DiagnosticMismatchdetails" time="3.018"/>
  <system-out/>
  <testcase classname="testCases.Vendor_Invoice_Details" name="VerifyDiagnosticMismatchedExpand" time="16.550"/>
  <system-out/>
  <testcase classname="testCases.Vendor_Invoice_Details" name="SearchDiagnosticMismatchedInvoiceField" time="4.188"/>
  <system-out/>
  <testcase classname="testCases.Vendor_Invoice_Details" name="sortDiagnosticMismatchedInvoiceGrid" time="16.552"/>
  <system-out/>
  <testcase classname="testCases.Vendor_Invoice_Details" name="SearchDiagnosticMisMatchedInvoiceField" time="4.205"/>
  <system-out/>
  <testcase classname="testCases.Vendor_Invoice_Details" name="VerifyMismatchLink" time="4.242"/>
  <system-out/>
  <testcase classname="testCases.Vendor_Invoice_Details" name="sortDiagnosticMisMatchedInvoiceGrid" time="18.554"/>
  <system-out/>
  <testcase classname="testCases.Vendor_Invoice_Details" name="DiagnosticMismatchedViewAll" time="4.177"/>
  <system-out/>
  <testcase classname="testCases.Vendor_Invoice_Details" name="VerifyDiagnosticMismatchedCancel" time="5.224"/>
  <system-out/>
</testsuite> <!-- testCases.Vendor_Invoice_Details -->
