<?xml version="1.0" encoding="UTF-8"?>
<!-- Generated by org.testng.reporters.JUnitReportReporter -->
<testsuite hostname="PIL-L-L-21-032" failures="0" tests="25" name="testCases.Services_EventInvoice_Detail" time="236.007" errors="0" timestamp="2021-06-15T12:12:16 IST" skipped="3">
  <testcase classname="testCases.Services_EventInvoice_Detail" name="EventInvoicedetails" time="0.003"/>
  <system-out/>
  <testcase classname="testCases.Services_EventInvoice_Detail" name="CheckServiceRecord" time="21.110"/>
  <system-out/>
  <testcase classname="testCases.Services_EventInvoice_Detail" name="getRecord" time="0.308"/>
  <system-out/>
  <testcase classname="testCases.Services_EventInvoice_Detail" name="GoToDetail" time="4.982"/>
  <system-out/>
  <testcase classname="testCases.Services_EventInvoice_Detail" name="VerifyExpand" time="24.880"/>
  <system-out/>
  <testcase classname="testCases.Services_EventInvoice_Detail" name="VerifySearch" time="2.688"/>
  <system-out/>
  <testcase classname="testCases.Services_EventInvoice_Detail" name="AddAdjustValidation" time="32.143"/>
  <system-out/>
  <testcase classname="testCases.Services_EventInvoice_Detail" name="AddAdjustByIcon" time="12.469"/>
  <system-out/>
  <testcase classname="testCases.Services_EventInvoice_Detail" name="Searchvalidation" time="4.257"/>
  <system-out/>
  <testcase classname="testCases.Services_EventInvoice_Detail" name="SearchValidRecord" time="0.353"/>
  <system-out/>
  <testcase classname="testCases.Services_EventInvoice_Detail" name="EditAdjustment" time="14.468"/>
  <system-out/>
  <testcase classname="testCases.Services_EventInvoice_Detail" name="DeleteAdjust" time="12.348"/>
  <system-out/>
  <testcase classname="testCases.Services_EventInvoice_Detail" name="AddAdjustByButton" time="6.236"/>
  <system-out/>
  <testcase classname="testCases.Services_EventInvoice_Detail" name="AddAdjustButtonValidation" time="15.761"/>
  <system-out/>
  <testcase classname="testCases.Services_EventInvoice_Detail" name="AddNewAdjust" time="12.442"/>
  <system-out/>
  <testcase classname="testCases.Services_EventInvoice_Detail" name="SearchWithInvalidAdjust" time="4.252"/>
  <system-out/>
  <testcase classname="testCases.Services_EventInvoice_Detail" name="EditNewAdjustment" time="12.431"/>
  <system-out/>
  <testcase classname="testCases.Services_EventInvoice_Detail" name="DeleteNewAdjust" time="12.306"/>
  <system-out/>
  <testcase classname="testCases.Services_EventInvoice_Detail" name="sortAdjustmenu" time="18.648"/>
  <system-out/>
  <testcase classname="testCases.Services_EventInvoice_Detail" name="sortInvoiceLine" time="16.776"/>
  <system-out/>
  <testcase classname="testCases.Services_EventInvoice_Detail" name="VerifyViewall" time="4.191"/>
  <system-out/>
  <testcase classname="testCases.Services_EventInvoice_Detail" name="canceldetail" time="2.955"/>
  <system-out/>
  <testcase classname="testCases.Services_EventInvoice_Detail" name="SearchwithValidNewAdjust">
    <skipped/>
  </testcase> <!-- SearchwithValidNewAdjust -->
  <system-out/>
  <testcase classname="testCases.Services_EventInvoice_Detail" name="editedNewAdjustment">
    <skipped/>
  </testcase> <!-- editedNewAdjustment -->
  <system-out/>
  <testcase classname="testCases.Services_EventInvoice_Detail" name="editedAdjustment">
    <skipped/>
  </testcase> <!-- editedAdjustment -->
  <system-out/>
</testsuite> <!-- testCases.Services_EventInvoice_Detail -->
