<?xml version="1.0" encoding="UTF-8"?>
<!-- Generated by org.testng.reporters.JUnitReportReporter -->
<testsuite hostname="PIL-L-L-21-032" failures="0" tests="14" name="testCases.MedicareOWCP_List" time="95.854" errors="0" timestamp="2021-06-15T12:12:16 IST" skipped="0">
  <testcase classname="testCases.MedicareOWCP_List" name="GoToMedicaremenu" time="2.003"/>
  <system-out/>
  <testcase classname="testCases.MedicareOWCP_List" name="GoToMOListmenu" time="2.965"/>
  <system-out/>
  <testcase classname="testCases.MedicareOWCP_List" name="ExpandCollapse" time="6.220"/>
  <system-out/>
  <testcase classname="testCases.MedicareOWCP_List" name="SelectType" time="2.099"/>
  <system-out/>
  <testcase classname="testCases.MedicareOWCP_List" name="SelectStartDate" time="2.170"/>
  <system-out/>
  <testcase classname="testCases.MedicareOWCP_List" name="SelectEndDate" time="2.133"/>
  <system-out/>
  <testcase classname="testCases.MedicareOWCP_List" name="SelectStatus" time="2.163"/>
  <system-out/>
  <testcase classname="testCases.MedicareOWCP_List" name="ClickSearch" time="2.116"/>
  <system-out/>
  <testcase classname="testCases.MedicareOWCP_List" name="Searchresult" time="2.037"/>
  <system-out/>
  <testcase classname="testCases.MedicareOWCP_List" name="ClearSearch" time="8.348"/>
  <system-out/>
  <testcase classname="testCases.MedicareOWCP_List" name="SortColumn" time="28.943"/>
  <system-out/>
  <testcase classname="testCases.MedicareOWCP_List" name="PaginationColumn" time="10.300"/>
  <system-out/>
  <testcase classname="testCases.MedicareOWCP_List" name="VerifyAddNewvalidation" time="12.992"/>
  <system-out/>
  <testcase classname="testCases.MedicareOWCP_List" name="AddNew" time="11.365"/>
  <system-out/>
</testsuite> <!-- testCases.MedicareOWCP_List -->
