<?xml version="1.0" encoding="UTF-8"?>
<!-- Generated by org.testng.reporters.JUnitReportReporter -->
<testsuite hostname="PIL-L-L-21-032" failures="0" tests="17" name="testCases.Client_Contract_Details" time="226.370" errors="0" timestamp="2021-06-15T12:12:16 IST" skipped="0">
  <testcase classname="testCases.Client_Contract_Details" name="clientdetails" time="6.830"/>
  <system-out/>
  <testcase classname="testCases.Client_Contract_Details" name="verifyexpandcollapse" time="18.741"/>
  <system-out/>
  <testcase classname="testCases.Client_Contract_Details" name="verifystatus" time="0.071"/>
  <system-out/>
  <testcase classname="testCases.Client_Contract_Details" name="verifyPOvalidationmsg" time="10.399"/>
  <system-out/>
  <testcase classname="testCases.Client_Contract_Details" name="verifyAddPO" time="25.318"/>
  <system-out/>
  <testcase classname="testCases.Client_Contract_Details" name="VerifyPOSearch" time="4.312"/>
  <system-out/>
  <testcase classname="testCases.Client_Contract_Details" name="VerifyEditPO" time="10.659"/>
  <system-out/>
  <testcase classname="testCases.Client_Contract_Details" name="deletePO" time="20.734"/>
  <system-out/>
  <testcase classname="testCases.Client_Contract_Details" name="verifyPOSorting" time="6.415"/>
  <system-out/>
  <testcase classname="testCases.Client_Contract_Details" name="verifyYOSorting" time="2.210"/>
  <system-out/>
  <testcase classname="testCases.Client_Contract_Details" name="VerifyViewall" time="4.369"/>
  <system-out/>
  <testcase classname="testCases.Client_Contract_Details" name="UpdateClientDetails" time="21.126"/>
  <system-out/>
  <testcase classname="testCases.Client_Contract_Details" name="SaveClientDetails" time="4.117"/>
  <system-out/>
  <testcase classname="testCases.Client_Contract_Details" name="SubmitClientDetails" time="10.322"/>
  <system-out/>
  <testcase classname="testCases.Client_Contract_Details" name="RejectClientDetails" time="14.895"/>
  <system-out/>
  <testcase classname="testCases.Client_Contract_Details" name="CDBatchupdate" time="62.184"/>
  <system-out/>
  <testcase classname="testCases.Client_Contract_Details" name="CDCancel" time="3.668"/>
  <system-out/>
</testsuite> <!-- testCases.Client_Contract_Details -->
