<?xml version="1.0" encoding="UTF-8"?>
<!-- Generated by org.testng.reporters.JUnitReportReporter -->
<testsuite hostname="PIL-L-L-21-032" failures="0" tests="16" name="testCases.Client_PricingSchedule_List" time="131.882" errors="0" timestamp="2021-06-15T12:12:16 IST" skipped="0">
  <testcase classname="testCases.Client_PricingSchedule_List" name="clicksetup" time="0.005"/>
  <system-out/>
  <testcase classname="testCases.Client_PricingSchedule_List" name="clickCPSMenu" time="3.581"/>
  <system-out/>
  <testcase classname="testCases.Client_PricingSchedule_List" name="ExpandCollapse" time="10.541"/>
  <system-out/>
  <testcase classname="testCases.Client_PricingSchedule_List" name="SelectClient" time="2.179"/>
  <system-out/>
  <testcase classname="testCases.Client_PricingSchedule_List" name="SelectLOB" time="2.169"/>
  <system-out/>
  <testcase classname="testCases.Client_PricingSchedule_List" name="SelectType" time="2.122"/>
  <system-out/>
  <testcase classname="testCases.Client_PricingSchedule_List" name="SelectStatus" time="2.097"/>
  <system-out/>
  <testcase classname="testCases.Client_PricingSchedule_List" name="SelectStartDate" time="2.208"/>
  <system-out/>
  <testcase classname="testCases.Client_PricingSchedule_List" name="SelectEndDate" time="2.198"/>
  <system-out/>
  <testcase classname="testCases.Client_PricingSchedule_List" name="ClickSearch" time="2.095"/>
  <system-out/>
  <testcase classname="testCases.Client_PricingSchedule_List" name="Searchresult" time="2.043"/>
  <system-out/>
  <testcase classname="testCases.Client_PricingSchedule_List" name="ClearSearch" time="8.401"/>
  <system-out/>
  <testcase classname="testCases.Client_PricingSchedule_List" name="SortColumn" time="33.168"/>
  <system-out/>
  <testcase classname="testCases.Client_PricingSchedule_List" name="PaginationColumn" time="10.295"/>
  <system-out/>
  <testcase classname="testCases.Client_PricingSchedule_List" name="VerifyAddNewvalidation" time="25.552"/>
  <system-out/>
  <testcase classname="testCases.Client_PricingSchedule_List" name="AddNew" time="23.228"/>
  <system-out/>
</testsuite> <!-- testCases.Client_PricingSchedule_List -->
