<?xml version="1.0" encoding="UTF-8"?>
<!-- Generated by org.testng.reporters.JUnitReportReporter -->
<testsuite hostname="PIL-L-L-21-032" failures="0" tests="20" name="testCases.Client_PricingScheduleCLIN_Detail" time="314.356" errors="0" timestamp="2021-06-15T12:12:16 IST" skipped="0">
  <testcase classname="testCases.Client_PricingScheduleCLIN_Detail" name="CPSDetailTC" time="0.000"/>
  <system-out/>
  <testcase classname="testCases.Client_PricingScheduleCLIN_Detail" name="SearchRecord" time="19.740"/>
  <system-out/>
  <testcase classname="testCases.Client_PricingScheduleCLIN_Detail" name="GoDetails" time="2.815"/>
  <system-out/>
  <testcase classname="testCases.Client_PricingScheduleCLIN_Detail" name="CLINExpand" time="10.312"/>
  <system-out/>
  <testcase classname="testCases.Client_PricingScheduleCLIN_Detail" name="AddBillingClinValidation" time="33.283"/>
  <system-out/>
  <testcase classname="testCases.Client_PricingScheduleCLIN_Detail" name="BillclinSearch" time="2.212"/>
  <system-out/>
  <testcase classname="testCases.Client_PricingScheduleCLIN_Detail" name="Editclinbill" time="12.565"/>
  <system-out/>
  <testcase classname="testCases.Client_PricingScheduleCLIN_Detail" name="ValidateExcelImport" time="10.295"/>
  <system-out/>
  <testcase classname="testCases.Client_PricingScheduleCLIN_Detail" name="VerifyDownload" time="2.248"/>
  <system-out/>
  <testcase classname="testCases.Client_PricingScheduleCLIN_Detail" name="VerifyInvalidUploadTemplate" time="6.190"/>
  <system-out/>
  <testcase classname="testCases.Client_PricingScheduleCLIN_Detail" name="VerifyValidUploadTemplate" time="16.562"/>
  <system-out/>
  <testcase classname="testCases.Client_PricingScheduleCLIN_Detail" name="SortBillingClinCode" time="16.512"/>
  <system-out/>
  <testcase classname="testCases.Client_PricingScheduleCLIN_Detail" name="deleteuploadedClin" time="26.988"/>
  <system-out/>
  <testcase classname="testCases.Client_PricingScheduleCLIN_Detail" name="SaveSatus" time="4.105"/>
  <system-out/>
  <testcase classname="testCases.Client_PricingScheduleCLIN_Detail" name="SubmitSatus" time="8.319"/>
  <system-out/>
  <testcase classname="testCases.Client_PricingScheduleCLIN_Detail" name="RejectStatus" time="16.641"/>
  <system-out/>
  <testcase classname="testCases.Client_PricingScheduleCLIN_Detail" name="AuditHistory" time="8.310"/>
  <system-out/>
  <testcase classname="testCases.Client_PricingScheduleCLIN_Detail" name="CancelStatus" time="0.857"/>
  <system-out/>
  <testcase classname="testCases.Client_PricingScheduleCLIN_Detail" name="CloneCreatedRecord" time="76.320"/>
  <system-out/>
  <testcase classname="testCases.Client_PricingScheduleCLIN_Detail" name="DeleteMasterRecord" time="40.082"/>
  <system-out/>
</testsuite> <!-- testCases.Client_PricingScheduleCLIN_Detail -->
