<?xml version="1.0" encoding="UTF-8"?>
<!-- Generated by org.testng.reporters.JUnitReportReporter -->
<testsuite hostname="PIL-L-L-21-032" failures="0" tests="2" name="testCases.AP_Aging_Summary_Report" time="182.460" errors="0" timestamp="2021-06-15T12:12:16 IST" skipped="0">
  <testcase classname="testCases.AP_Aging_Summary_Report" name="clickReports" time="0.002"/>
  <system-out/>
  <testcase classname="testCases.AP_Aging_Summary_Report" name="APAgingSummaryReport" time="182.458"/>
  <system-out/>
</testsuite> <!-- testCases.AP_Aging_Summary_Report -->
