<?xml version="1.0" encoding="UTF-8"?>
<!-- Generated by org.testng.reporters.JUnitReportReporter -->
<testsuite hostname="PIL-L-L-21-032" failures="0" tests="26" name="testCases.Cash_Postings_Details" time="234.113" errors="0" timestamp="2021-06-15T12:12:16 IST" skipped="0">
  <testcase classname="testCases.Cash_Postings_Details" name="clickCashPostMenu" time="0.001"/>
  <system-out/>
  <testcase classname="testCases.Cash_Postings_Details" name="clickCashPost" time="0.002"/>
  <system-out/>
  <testcase classname="testCases.Cash_Postings_Details" name="verifySearch" time="17.419"/>
  <system-out/>
  <testcase classname="testCases.Cash_Postings_Details" name="cashpostingdetails" time="3.880"/>
  <system-out/>
  <testcase classname="testCases.Cash_Postings_Details" name="TakeScreenshot" time="0.100"/>
  <system-out/>
  <testcase classname="testCases.Cash_Postings_Details" name="checkUnsaved" time="16.436"/>
  <system-out/>
  <testcase classname="testCases.Cash_Postings_Details" name="VerifyList" time="28.961"/>
  <system-out/>
  <testcase classname="testCases.Cash_Postings_Details" name="VerifyYesChange" time="15.278"/>
  <system-out/>
  <testcase classname="testCases.Cash_Postings_Details" name="VerifyChangedetail" time="33.051"/>
  <system-out/>
  <testcase classname="testCases.Cash_Postings_Details" name="clickAddInvoice" time="4.166"/>
  <system-out/>
  <testcase classname="testCases.Cash_Postings_Details" name="sortAddInvoicepopup" time="12.431"/>
  <system-out/>
  <testcase classname="testCases.Cash_Postings_Details" name="InvalidSearch" time="12.557"/>
  <system-out/>
  <testcase classname="testCases.Cash_Postings_Details" name="ValidSearch" time="6.450"/>
  <system-out/>
  <testcase classname="testCases.Cash_Postings_Details" name="SelectInvoice" time="4.152"/>
  <system-out/>
  <testcase classname="testCases.Cash_Postings_Details" name="VerifySelectedInvoice" time="6.239"/>
  <system-out/>
  <testcase classname="testCases.Cash_Postings_Details" name="VerifyEnterAmountWarn" time="4.170"/>
  <system-out/>
  <testcase classname="testCases.Cash_Postings_Details" name="EnterAmountNow" time="4.187"/>
  <system-out/>
  <testcase classname="testCases.Cash_Postings_Details" name="RemoveAmountNow" time="8.294"/>
  <system-out/>
  <testcase classname="testCases.Cash_Postings_Details" name="AddAllInvoice" time="8.312"/>
  <system-out/>
  <testcase classname="testCases.Cash_Postings_Details" name="RemoveAll" time="14.469"/>
  <system-out/>
  <testcase classname="testCases.Cash_Postings_Details" name="ApplyPendingBalWarn" time="4.168"/>
  <system-out/>
  <testcase classname="testCases.Cash_Postings_Details" name="CheckApplyPending" time="10.319"/>
  <system-out/>
  <testcase classname="testCases.Cash_Postings_Details" name="CheckConfirmPost" time="0.029"/>
  <system-out/>
  <testcase classname="testCases.Cash_Postings_Details" name="VerifyExpand" time="14.422"/>
  <system-out/>
  <testcase classname="testCases.Cash_Postings_Details" name="VerifyViewall" time="4.166"/>
  <system-out/>
  <testcase classname="testCases.Cash_Postings_Details" name="CancelDetail" time="0.454"/>
  <system-out/>
</testsuite> <!-- testCases.Cash_Postings_Details -->
