<?xml version="1.0" encoding="UTF-8"?>
<!-- Generated by org.testng.reporters.JUnitReportReporter -->
<testsuite hostname="PIL-L-L-21-032" failures="0" tests="25" name="testCases.Services_AppInvoice_Detail" time="247.686" errors="0" timestamp="2021-06-15T12:12:16 IST" skipped="3">
  <testcase classname="testCases.Services_AppInvoice_Detail" name="AppInvoicedetails" time="0.000"/>
  <system-out/>
  <testcase classname="testCases.Services_AppInvoice_Detail" name="CheckServiceRecord" time="21.661"/>
  <system-out/>
  <testcase classname="testCases.Services_AppInvoice_Detail" name="getRecord" time="0.307"/>
  <system-out/>
  <testcase classname="testCases.Services_AppInvoice_Detail" name="GoToDetail" time="5.199"/>
  <system-out/>
  <testcase classname="testCases.Services_AppInvoice_Detail" name="VerifyExpand" time="24.938"/>
  <system-out/>
  <testcase classname="testCases.Services_AppInvoice_Detail" name="VerifySearch" time="2.679"/>
  <system-out/>
  <testcase classname="testCases.Services_AppInvoice_Detail" name="AddAdjustValidation" time="32.073"/>
  <system-out/>
  <testcase classname="testCases.Services_AppInvoice_Detail" name="AddAdjustByIcon" time="12.623"/>
  <system-out/>
  <testcase classname="testCases.Services_AppInvoice_Detail" name="Searchvalidation" time="4.238"/>
  <system-out/>
  <testcase classname="testCases.Services_AppInvoice_Detail" name="SearchValidRecord" time="0.366"/>
  <system-out/>
  <testcase classname="testCases.Services_AppInvoice_Detail" name="EditAdjustment" time="14.672"/>
  <system-out/>
  <testcase classname="testCases.Services_AppInvoice_Detail" name="DeleteAdjust" time="12.364"/>
  <system-out/>
  <testcase classname="testCases.Services_AppInvoice_Detail" name="AddAdjustByButton" time="6.227"/>
  <system-out/>
  <testcase classname="testCases.Services_AppInvoice_Detail" name="AddAdjustButtonValidation" time="24.050"/>
  <system-out/>
  <testcase classname="testCases.Services_AppInvoice_Detail" name="AddNewAdjust" time="12.652"/>
  <system-out/>
  <testcase classname="testCases.Services_AppInvoice_Detail" name="SearchWithInvalidAdjust" time="4.279"/>
  <system-out/>
  <testcase classname="testCases.Services_AppInvoice_Detail" name="EditNewAdjustment" time="14.505"/>
  <system-out/>
  <testcase classname="testCases.Services_AppInvoice_Detail" name="DeleteNewAdjust" time="12.308"/>
  <system-out/>
  <testcase classname="testCases.Services_AppInvoice_Detail" name="sortAdjustmenu" time="18.666"/>
  <system-out/>
  <testcase classname="testCases.Services_AppInvoice_Detail" name="sortInvoiceLine" time="16.758"/>
  <system-out/>
  <testcase classname="testCases.Services_AppInvoice_Detail" name="VerifyViewall" time="4.182"/>
  <system-out/>
  <testcase classname="testCases.Services_AppInvoice_Detail" name="canceldetail" time="2.939"/>
  <system-out/>
  <testcase classname="testCases.Services_AppInvoice_Detail" name="editedNewAdjustment">
    <skipped/>
  </testcase> <!-- editedNewAdjustment -->
  <system-out/>
  <testcase classname="testCases.Services_AppInvoice_Detail" name="editedAdjustment">
    <skipped/>
  </testcase> <!-- editedAdjustment -->
  <system-out/>
  <testcase classname="testCases.Services_AppInvoice_Detail" name="SearchwithValidNewAdjust">
    <skipped/>
  </testcase> <!-- SearchwithValidNewAdjust -->
  <system-out/>
</testsuite> <!-- testCases.Services_AppInvoice_Detail -->
