<?xml version="1.0" encoding="UTF-8"?>
<!-- Generated by org.testng.reporters.JUnitReportReporter -->
<testsuite hostname="PIL-L-L-21-032" failures="0" tests="2" name="testCases.Adjustments_Report" time="140.033" errors="0" timestamp="2021-06-15T12:12:16 IST" skipped="0">
  <testcase classname="testCases.Adjustments_Report" name="clickReports" time="0.002"/>
  <system-out/>
  <testcase classname="testCases.Adjustments_Report" name="AdjustReport" time="140.031"/>
  <system-out/>
</testsuite> <!-- testCases.Adjustments_Report -->
