<?xml version="1.0" encoding="UTF-8"?>
<!-- Generated by org.testng.reporters.JUnitReportReporter -->
<testsuite hostname="PIL-L-L-21-032" failures="0" tests="2" name="testCases.AR_Aging_Summary_Report" time="114.592" errors="0" timestamp="2021-06-15T12:12:16 IST" skipped="0">
  <testcase classname="testCases.AR_Aging_Summary_Report" name="clickReports" time="0.001"/>
  <system-out/>
  <testcase classname="testCases.AR_Aging_Summary_Report" name="ARAgingSummary" time="114.591"/>
  <system-out/>
</testsuite> <!-- testCases.AR_Aging_Summary_Report -->
