<?xml version="1.0" encoding="UTF-8"?>
<!-- Generated by org.testng.reporters.JUnitReportReporter -->
<testsuite hostname="PIL-L-L-21-032" failures="0" tests="21" name="testCases.Medicare_Detail" time="297.221" errors="0" timestamp="2021-06-15T12:12:16 IST" skipped="0">
  <testcase classname="testCases.Medicare_Detail" name="MedicareDetailTC" time="0.001"/>
  <system-out/>
  <testcase classname="testCases.Medicare_Detail" name="MedicareSearchRecord" time="17.204"/>
  <system-out/>
  <testcase classname="testCases.Medicare_Detail" name="GoDetails" time="2.623"/>
  <system-out/>
  <testcase classname="testCases.Medicare_Detail" name="MedicareExpand" time="12.356"/>
  <system-out/>
  <testcase classname="testCases.Medicare_Detail" name="AddCPTFactorValidation" time="29.286"/>
  <system-out/>
  <testcase classname="testCases.Medicare_Detail" name="SearchAddedCode" time="2.172"/>
  <system-out/>
  <testcase classname="testCases.Medicare_Detail" name="EditCode" time="10.514"/>
  <system-out/>
  <testcase classname="testCases.Medicare_Detail" name="ExcelImportValidation" time="8.273"/>
  <system-out/>
  <testcase classname="testCases.Medicare_Detail" name="Download" time="2.270"/>
  <system-out/>
  <testcase classname="testCases.Medicare_Detail" name="VerifyInvalidUploadTemplate" time="6.151"/>
  <system-out/>
  <testcase classname="testCases.Medicare_Detail" name="VerifyValidUploadTemplate" time="16.417"/>
  <system-out/>
  <testcase classname="testCases.Medicare_Detail" name="deleteuploadedCPTFactor" time="22.725"/>
  <system-out/>
  <testcase classname="testCases.Medicare_Detail" name="multipleUpload" time="10.359"/>
  <system-out/>
  <testcase classname="testCases.Medicare_Detail" name="SortBillingMedicareCode" time="12.382"/>
  <system-out/>
  <testcase classname="testCases.Medicare_Detail" name="SaveSatus" time="4.102"/>
  <system-out/>
  <testcase classname="testCases.Medicare_Detail" name="SubmitSatus" time="8.290"/>
  <system-out/>
  <testcase classname="testCases.Medicare_Detail" name="RejectStatus" time="16.606"/>
  <system-out/>
  <testcase classname="testCases.Medicare_Detail" name="AuditHistory" time="8.322"/>
  <system-out/>
  <testcase classname="testCases.Medicare_Detail" name="CancelStatus" time="1.722"/>
  <system-out/>
  <testcase classname="testCases.Medicare_Detail" name="CloneCreatedRecord" time="67.780"/>
  <system-out/>
  <testcase classname="testCases.Medicare_Detail" name="DeleteMasterRecord" time="37.666"/>
  <system-out/>
</testsuite> <!-- testCases.Medicare_Detail -->
