<?xml version="1.0" encoding="UTF-8"?>
<!-- Generated by org.testng.reporters.JUnitReportReporter -->
<testsuite hostname="PIL-L-L-21-032" failures="0" tests="11" name="testCases.Services_List" time="128.432" errors="0" timestamp="2021-06-15T12:12:16 IST" skipped="0">
  <testcase classname="testCases.Services_List" name="clickServiceMenu" time="0.002"/>
  <system-out/>
  <testcase classname="testCases.Services_List" name="clickServices" time="2.591"/>
  <system-out/>
  <testcase classname="testCases.Services_List" name="verifyExpand" time="10.672"/>
  <system-out/>
  <testcase classname="testCases.Services_List" name="VerifyNoResult" time="29.577"/>
  <system-out/>
  <testcase classname="testCases.Services_List" name="clearsearch" time="2.220"/>
  <system-out/>
  <testcase classname="testCases.Services_List" name="VerifySort" time="37.204"/>
  <system-out/>
  <testcase classname="testCases.Services_List" name="VerifyPagination" time="8.228"/>
  <system-out/>
  <testcase classname="testCases.Services_List" name="VerifySearchResult" time="29.516"/>
  <system-out/>
  <testcase classname="testCases.Services_List" name="GetResult" time="0.406"/>
  <system-out/>
  <testcase classname="testCases.Services_List" name="GoToDetails" time="5.359"/>
  <system-out/>
  <testcase classname="testCases.Services_List" name="GoBackList" time="2.657"/>
  <system-out/>
</testsuite> <!-- testCases.Services_List -->
