<?xml version="1.0" encoding="UTF-8"?>
<!-- Generated by org.testng.reporters.JUnitReportReporter -->
<testsuite hostname="PIL-L-L-21-032" failures="0" tests="6" name="testCases.Dummy" time="30.170" errors="0" timestamp="2021-04-21T12:52:41 IST" skipped="0">
  <testcase classname="testCases.Dummy" name="clicksetup" time="3.176"/>
  <system-out/>
  <testcase classname="testCases.Dummy" name="clientcontract" time="6.886"/>
  <system-out/>
  <testcase classname="testCases.Dummy" name="Selectid" time="5.147"/>
  <system-out/>
  <testcase classname="testCases.Dummy" name="Selectlob" time="4.269"/>
  <system-out/>
  <testcase classname="testCases.Dummy" name="selectdate" time="8.575"/>
  <system-out/>
  <testcase classname="testCases.Dummy" name="searchsubmit" time="2.117"/>
  <system-out/>
</testsuite> <!-- testCases.Dummy -->
