<?xml version="1.0" encoding="UTF-8"?>
<!-- Generated by org.testng.reporters.JUnitReportReporter -->
<testsuite hostname="PIL-L-L-21-032" failures="0" tests="11" name="testCases.Services_List" time="118.390" errors="0" timestamp="2021-05-07T15:36:16 IST" skipped="0">
  <testcase classname="testCases.Services_List" name="clickServiceMenu" time="0.016"/>
  <system-out/>
  <testcase classname="testCases.Services_List" name="clickServices" time="2.804"/>
  <system-out/>
  <testcase classname="testCases.Services_List" name="verifyExpand" time="10.532"/>
  <system-out/>
  <testcase classname="testCases.Services_List" name="VerifyNoResult" time="32.301"/>
  <system-out/>
  <testcase classname="testCases.Services_List" name="clearsearch" time="2.319"/>
  <system-out/>
  <testcase classname="testCases.Services_List" name="VerifySort" time="23.169"/>
  <system-out/>
  <testcase classname="testCases.Services_List" name="VerifyPagination" time="8.361"/>
  <system-out/>
  <testcase classname="testCases.Services_List" name="VerifySearchResult" time="30.188"/>
  <system-out/>
  <testcase classname="testCases.Services_List" name="GetResult" time="0.594"/>
  <system-out/>
  <testcase classname="testCases.Services_List" name="GoToDetails" time="5.124"/>
  <system-out/>
  <testcase classname="testCases.Services_List" name="GoBackList" time="2.982"/>
  <system-out/>
</testsuite> <!-- testCases.Services_List -->
