<?xml version="1.0" encoding="UTF-8"?>
<!-- Generated by org.testng.reporters.JUnitReportReporter -->
<testsuite hostname="PIL-L-L-21-032" failures="0" tests="2" name="testCases.AR_Aging_Summary_Report" time="66.337" errors="0" timestamp="2021-05-06T12:21:05 IST" skipped="0">
  <testcase classname="testCases.AR_Aging_Summary_Report" name="clickReports" time="3.101"/>
  <system-out/>
  <testcase classname="testCases.AR_Aging_Summary_Report" name="ARAgingSummary" time="63.236"/>
  <system-out/>
</testsuite> <!-- testCases.AR_Aging_Summary_Report -->
