<?xml version="1.0" encoding="UTF-8"?>
<!-- Generated by org.testng.reporters.JUnitReportReporter -->
<testsuite hostname="PIL-L-L-21-032" failures="0" tests="2" name="testCases.Adjustments_Report" time="88.060" errors="0" timestamp="2021-05-14T14:10:34 IST" skipped="0">
  <testcase classname="testCases.Adjustments_Report" name="clickReports" time="3.118"/>
  <system-out/>
  <testcase classname="testCases.Adjustments_Report" name="AdjustReport" time="84.942"/>
  <system-out/>
</testsuite> <!-- testCases.Adjustments_Report -->
