<?xml version="1.0" encoding="UTF-8"?>
<!-- Generated by org.testng.reporters.JUnitReportReporter -->
<testsuite hostname="PIL-L-L-21-032" failures="0" tests="11" name="testCases.Client_Contract_List" time="72.875" errors="0" timestamp="2021-04-27T17:09:25 IST" skipped="0">
  <testcase classname="testCases.Client_Contract_List" name="clicksetup" time="2.150"/>
  <system-out/>
  <testcase classname="testCases.Client_Contract_List" name="clientcontract" time="10.270"/>
  <system-out/>
  <testcase classname="testCases.Client_Contract_List" name="Selectid" time="5.252"/>
  <system-out/>
  <testcase classname="testCases.Client_Contract_List" name="selectlob" time="4.329"/>
  <system-out/>
  <testcase classname="testCases.Client_Contract_List" name="selectdate" time="8.651"/>
  <system-out/>
  <testcase classname="testCases.Client_Contract_List" name="searchsubmit" time="2.110"/>
  <system-out/>
  <testcase classname="testCases.Client_Contract_List" name="searchresult" time="3.061"/>
  <system-out/>
  <testcase classname="testCases.Client_Contract_List" name="clearsearch" time="2.281"/>
  <system-out/>
  <testcase classname="testCases.Client_Contract_List" name="sortcolumn" time="8.478"/>
  <system-out/>
  <testcase classname="testCases.Client_Contract_List" name="ccpagination" time="4.309"/>
  <system-out/>
  <testcase classname="testCases.Client_Contract_List" name="verifysearchresult" time="21.984"/>
  <system-out/>
</testsuite> <!-- testCases.Client_Contract_List -->
