<?xml version="1.0" encoding="UTF-8"?>
<!-- Generated by org.testng.reporters.JUnitReportReporter -->
<testsuite hostname="PIL-L-L-21-032" failures="0" tests="16" name="testCases.Client_PricingSchedule_List" time="96.323" errors="0" timestamp="2021-05-01T13:41:45 IST" skipped="0">
  <testcase classname="testCases.Client_PricingSchedule_List" name="clicksetup" time="2.141"/>
  <system-out/>
  <testcase classname="testCases.Client_PricingSchedule_List" name="clickCPSMenu" time="3.629"/>
  <system-out/>
  <testcase classname="testCases.Client_PricingSchedule_List" name="ExpandCollapse" time="6.271"/>
  <system-out/>
  <testcase classname="testCases.Client_PricingSchedule_List" name="SelectClient" time="3.260"/>
  <system-out/>
  <testcase classname="testCases.Client_PricingSchedule_List" name="SelectLOB" time="2.236"/>
  <system-out/>
  <testcase classname="testCases.Client_PricingSchedule_List" name="SelectType" time="2.207"/>
  <system-out/>
  <testcase classname="testCases.Client_PricingSchedule_List" name="SelectStatus" time="2.206"/>
  <system-out/>
  <testcase classname="testCases.Client_PricingSchedule_List" name="SelectStartDate" time="2.280"/>
  <system-out/>
  <testcase classname="testCases.Client_PricingSchedule_List" name="SelectEndDate" time="2.273"/>
  <system-out/>
  <testcase classname="testCases.Client_PricingSchedule_List" name="ClickSearch" time="2.112"/>
  <system-out/>
  <testcase classname="testCases.Client_PricingSchedule_List" name="Searchresult" time="2.039"/>
  <system-out/>
  <testcase classname="testCases.Client_PricingSchedule_List" name="ClearSearch" time="8.481"/>
  <system-out/>
  <testcase classname="testCases.Client_PricingSchedule_List" name="SortColumn" time="14.508"/>
  <system-out/>
  <testcase classname="testCases.Client_PricingSchedule_List" name="PaginationColumn" time="10.334"/>
  <system-out/>
  <testcase classname="testCases.Client_PricingSchedule_List" name="VerifyAddNewvalidation" time="15.241"/>
  <system-out/>
  <testcase classname="testCases.Client_PricingSchedule_List" name="AddNew" time="17.105"/>
  <system-out/>
</testsuite> <!-- testCases.Client_PricingSchedule_List -->
