<?xml version="1.0" encoding="UTF-8"?>
<!-- Generated by org.testng.reporters.JUnitReportReporter -->
<testsuite hostname="PIL-L-L-21-032" failures="0" tests="16" name="testCases.Client_Contract_Details" time="210.111" errors="0" timestamp="2021-04-27T17:09:25 IST" skipped="0">
  <testcase classname="testCases.Client_Contract_Details" name="clientdetails" time="4.382"/>
  <system-out/>
  <testcase classname="testCases.Client_Contract_Details" name="verifyexpandcollapse" time="18.657"/>
  <system-out/>
  <testcase classname="testCases.Client_Contract_Details" name="verifystatus" time="0.084"/>
  <system-out/>
  <testcase classname="testCases.Client_Contract_Details" name="verifyPOvalidationmsg" time="6.295"/>
  <system-out/>
  <testcase classname="testCases.Client_Contract_Details" name="verifyAddPO" time="12.743"/>
  <system-out/>
  <testcase classname="testCases.Client_Contract_Details" name="VerifyPOSearch" time="6.356"/>
  <system-out/>
  <testcase classname="testCases.Client_Contract_Details" name="VerifyEditPO" time="10.695"/>
  <system-out/>
  <testcase classname="testCases.Client_Contract_Details" name="deletePO" time="36.544"/>
  <system-out/>
  <testcase classname="testCases.Client_Contract_Details" name="verifyPOSorting" time="14.425"/>
  <system-out/>
  <testcase classname="testCases.Client_Contract_Details" name="verifyYOSorting" time="10.275"/>
  <system-out/>
  <testcase classname="testCases.Client_Contract_Details" name="VerifyViewall" time="4.257"/>
  <system-out/>
  <testcase classname="testCases.Client_Contract_Details" name="UpdateClientDetails" time="21.047"/>
  <system-out/>
  <testcase classname="testCases.Client_Contract_Details" name="SaveClientDetails" time="4.125"/>
  <system-out/>
  <testcase classname="testCases.Client_Contract_Details" name="SubmitClientDetails" time="4.308"/>
  <system-out/>
  <testcase classname="testCases.Client_Contract_Details" name="RejectClientDetails" time="8.325"/>
  <system-out/>
  <testcase classname="testCases.Client_Contract_Details" name="CDBatchupdate" time="47.593"/>
  <system-out/>
</testsuite> <!-- testCases.Client_Contract_Details -->
