<?xml version="1.0" encoding="UTF-8"?>
<!-- Generated by org.testng.reporters.JUnitReportReporter -->
<testsuite hostname="PIL-L-L-21-032" failures="0" tests="2" name="testCases.Unbilling_Services_Report" time="66.549" errors="0" timestamp="2021-05-14T10:50:12 IST" skipped="0">
  <testcase classname="testCases.Unbilling_Services_Report" name="clickReports" time="3.156"/>
  <system-out/>
  <testcase classname="testCases.Unbilling_Services_Report" name="UnbillingServices" time="63.393"/>
  <system-out/>
</testsuite> <!-- testCases.Unbilling_Services_Report -->
