<?xml version="1.0" encoding="UTF-8"?>
<!-- Generated by org.testng.reporters.JUnitReportReporter -->
<testsuite hostname="PIL-L-L-21-032" failures="0" tests="20" name="testCases.Medicare_Detail" time="221.483" errors="0" timestamp="2021-05-04T19:01:22 IST" skipped="0">
  <testcase classname="testCases.Medicare_Detail" name="MedicareDetailTC" time="0.001"/>
  <system-out/>
  <testcase classname="testCases.Medicare_Detail" name="MedicareSearchRecord" time="17.727"/>
  <system-out/>
  <testcase classname="testCases.Medicare_Detail" name="GoDetails" time="3.050"/>
  <system-out/>
  <testcase classname="testCases.Medicare_Detail" name="MedicareExpand" time="12.386"/>
  <system-out/>
  <testcase classname="testCases.Medicare_Detail" name="AddCPTFactorValidation" time="19.240"/>
  <system-out/>
  <testcase classname="testCases.Medicare_Detail" name="SearchAddedCode" time="2.244"/>
  <system-out/>
  <testcase classname="testCases.Medicare_Detail" name="EditCode" time="10.689"/>
  <system-out/>
  <testcase classname="testCases.Medicare_Detail" name="ExcelImportValidation" time="4.185"/>
  <system-out/>
  <testcase classname="testCases.Medicare_Detail" name="Download" time="3.599"/>
  <system-out/>
  <testcase classname="testCases.Medicare_Detail" name="VerifyInvalidUploadTemplate" time="6.378"/>
  <system-out/>
  <testcase classname="testCases.Medicare_Detail" name="VerifyValidUploadTemplate" time="16.594"/>
  <system-out/>
  <testcase classname="testCases.Medicare_Detail" name="SortBillingMedicareCode" time="12.399"/>
  <system-out/>
  <testcase classname="testCases.Medicare_Detail" name="deleteuploadedCPTFactor" time="14.665"/>
  <system-out/>
  <testcase classname="testCases.Medicare_Detail" name="SaveSatus" time="4.127"/>
  <system-out/>
  <testcase classname="testCases.Medicare_Detail" name="SubmitSatus" time="4.164"/>
  <system-out/>
  <testcase classname="testCases.Medicare_Detail" name="RejectStatus" time="12.539"/>
  <system-out/>
  <testcase classname="testCases.Medicare_Detail" name="AuditHistory" time="8.409"/>
  <system-out/>
  <testcase classname="testCases.Medicare_Detail" name="CancelStatus" time="0.851"/>
  <system-out/>
  <testcase classname="testCases.Medicare_Detail" name="CloneCreatedRecord" time="34.362"/>
  <system-out/>
  <testcase classname="testCases.Medicare_Detail" name="DeleteMasterRecord" time="33.874"/>
  <system-out/>
</testsuite> <!-- testCases.Medicare_Detail -->
