<?xml version="1.0" encoding="UTF-8"?>
<!-- Generated by org.testng.reporters.JUnitReportReporter -->
<testsuite hostname="PIL-L-L-21-032" failures="0" tests="14" name="testCases.MedicareOWCP_List" time="81.688" errors="0" timestamp="2021-05-04T19:01:22 IST" skipped="0">
  <testcase classname="testCases.MedicareOWCP_List" name="GoToMedicaremenu" time="2.029"/>
  <system-out/>
  <testcase classname="testCases.MedicareOWCP_List" name="GoToMOListmenu" time="5.028"/>
  <system-out/>
  <testcase classname="testCases.MedicareOWCP_List" name="ExpandCollapse" time="6.342"/>
  <system-out/>
  <testcase classname="testCases.MedicareOWCP_List" name="SelectType" time="3.475"/>
  <system-out/>
  <testcase classname="testCases.MedicareOWCP_List" name="SelectStartDate" time="2.360"/>
  <system-out/>
  <testcase classname="testCases.MedicareOWCP_List" name="SelectEndDate" time="2.295"/>
  <system-out/>
  <testcase classname="testCases.MedicareOWCP_List" name="SelectStatus" time="2.259"/>
  <system-out/>
  <testcase classname="testCases.MedicareOWCP_List" name="ClickSearch" time="2.121"/>
  <system-out/>
  <testcase classname="testCases.MedicareOWCP_List" name="Searchresult" time="2.063"/>
  <system-out/>
  <testcase classname="testCases.MedicareOWCP_List" name="ClearSearch" time="8.407"/>
  <system-out/>
  <testcase classname="testCases.MedicareOWCP_List" name="SortColumn" time="10.403"/>
  <system-out/>
  <testcase classname="testCases.MedicareOWCP_List" name="PaginationColumn" time="10.326"/>
  <system-out/>
  <testcase classname="testCases.MedicareOWCP_List" name="VerifyAddNewvalidation" time="12.846"/>
  <system-out/>
  <testcase classname="testCases.MedicareOWCP_List" name="AddNew" time="11.734"/>
  <system-out/>
</testsuite> <!-- testCases.MedicareOWCP_List -->
