<?xml version="1.0" encoding="UTF-8"?>
<!-- Generated by org.testng.reporters.JUnitReportReporter -->
<testsuite hostname="PIL-L-L-21-032" failures="0" tests="2" name="testCases.Reports" time="52.438" errors="0" timestamp="2021-04-25T11:47:20 IST" skipped="0">
  <testcase classname="testCases.Reports" name="clickReports" time="3.114"/>
  <system-out/>
  <testcase classname="testCases.Reports" name="ARAgingdetails" time="49.324"/>
  <system-out/>
</testsuite> <!-- testCases.Reports -->
