<?xml version="1.0" encoding="UTF-8"?>
<!-- Generated by org.testng.reporters.JUnitReportReporter -->
<testsuite hostname="PIL-L-L-21-032" failures="0" tests="1" name="testCases.Unapplied_Cash_Posting_Details" time="49.416" errors="0" timestamp="2021-04-25T13:56:18 IST" skipped="0">
  <testcase classname="testCases.Unapplied_Cash_Posting_Details" name="clickunappliedcashpost" time="49.416"/>
  <system-out/>
</testsuite> <!-- testCases.Unapplied_Cash_Posting_Details -->
