<?xml version="1.0" encoding="UTF-8"?>
<!-- Generated by org.testng.reporters.JUnitReportReporter -->
<testsuite hostname="PIL-L-L-21-032" failures="0" tests="25" name="testCases.Services_AppInvoice_Detail" time="201.395" errors="0" timestamp="2021-05-10T12:38:52 IST" skipped="0">
  <testcase classname="testCases.Services_AppInvoice_Detail" name="AppInvoicedetails" time="2.894"/>
  <system-out/>
  <testcase classname="testCases.Services_AppInvoice_Detail" name="CheckServiceRecord" time="23.466"/>
  <system-out/>
  <testcase classname="testCases.Services_AppInvoice_Detail" name="getRecord" time="0.793"/>
  <system-out/>
  <testcase classname="testCases.Services_AppInvoice_Detail" name="GoToDetail" time="5.276"/>
  <system-out/>
  <testcase classname="testCases.Services_AppInvoice_Detail" name="VerifyExpand" time="25.091"/>
  <system-out/>
  <testcase classname="testCases.Services_AppInvoice_Detail" name="VerifySearch" time="3.108"/>
  <system-out/>
  <testcase classname="testCases.Services_AppInvoice_Detail" name="AddAdjustValidation" time="17.888"/>
  <system-out/>
  <testcase classname="testCases.Services_AppInvoice_Detail" name="AddAdjustByIcon" time="8.505"/>
  <system-out/>
  <testcase classname="testCases.Services_AppInvoice_Detail" name="Searchvalidation" time="4.358"/>
  <system-out/>
  <testcase classname="testCases.Services_AppInvoice_Detail" name="SearchValidRecord" time="0.615"/>
  <system-out/>
  <testcase classname="testCases.Services_AppInvoice_Detail" name="EditAdjustment" time="8.393"/>
  <system-out/>
  <testcase classname="testCases.Services_AppInvoice_Detail" name="editedAdjustment" time="0.645"/>
  <system-out/>
  <testcase classname="testCases.Services_AppInvoice_Detail" name="DeleteAdjust" time="8.603"/>
  <system-out/>
  <testcase classname="testCases.Services_AppInvoice_Detail" name="AddAdjustByButton" time="2.098"/>
  <system-out/>
  <testcase classname="testCases.Services_AppInvoice_Detail" name="AddAdjustButtonValidation" time="15.725"/>
  <system-out/>
  <testcase classname="testCases.Services_AppInvoice_Detail" name="AddNewAdjust" time="8.406"/>
  <system-out/>
  <testcase classname="testCases.Services_AppInvoice_Detail" name="SearchWithInvalidAdjust" time="4.311"/>
  <system-out/>
  <testcase classname="testCases.Services_AppInvoice_Detail" name="SearchwithValidNewAdjust" time="0.548"/>
  <system-out/>
  <testcase classname="testCases.Services_AppInvoice_Detail" name="EditNewAdjustment" time="8.407"/>
  <system-out/>
  <testcase classname="testCases.Services_AppInvoice_Detail" name="editedNewAdjustment" time="0.655"/>
  <system-out/>
  <testcase classname="testCases.Services_AppInvoice_Detail" name="DeleteNewAdjust" time="8.523"/>
  <system-out/>
  <testcase classname="testCases.Services_AppInvoice_Detail" name="sortAdjustmenu" time="18.765"/>
  <system-out/>
  <testcase classname="testCases.Services_AppInvoice_Detail" name="sortInvoiceLine" time="16.885"/>
  <system-out/>
  <testcase classname="testCases.Services_AppInvoice_Detail" name="VerifyViewall" time="4.287"/>
  <system-out/>
  <testcase classname="testCases.Services_AppInvoice_Detail" name="canceldetail" time="3.150"/>
  <system-out/>
</testsuite> <!-- testCases.Services_AppInvoice_Detail -->
