<?xml version="1.0" encoding="UTF-8"?>
<!-- Generated by org.testng.reporters.JUnitReportReporter -->
<testsuite hostname="PIL-L-L-21-032" failures="0" tests="25" name="testCases.Services_EventInvoice_Detail" time="210.260" errors="0" timestamp="2021-05-10T16:55:02 IST" skipped="0">
  <testcase classname="testCases.Services_EventInvoice_Detail" name="EventInvoicedetails" time="5.471"/>
  <system-out/>
  <testcase classname="testCases.Services_EventInvoice_Detail" name="CheckServiceRecord" time="22.234"/>
  <system-out/>
  <testcase classname="testCases.Services_EventInvoice_Detail" name="getRecord" time="0.504"/>
  <system-out/>
  <testcase classname="testCases.Services_EventInvoice_Detail" name="GoToDetail" time="7.999"/>
  <system-out/>
  <testcase classname="testCases.Services_EventInvoice_Detail" name="VerifyExpand" time="24.961"/>
  <system-out/>
  <testcase classname="testCases.Services_EventInvoice_Detail" name="VerifySearch" time="2.830"/>
  <system-out/>
  <testcase classname="testCases.Services_EventInvoice_Detail" name="AddAdjustValidation" time="17.743"/>
  <system-out/>
  <testcase classname="testCases.Services_EventInvoice_Detail" name="AddAdjustByIcon" time="8.368"/>
  <system-out/>
  <testcase classname="testCases.Services_EventInvoice_Detail" name="Searchvalidation" time="4.275"/>
  <system-out/>
  <testcase classname="testCases.Services_EventInvoice_Detail" name="SearchValidRecord" time="0.366"/>
  <system-out/>
  <testcase classname="testCases.Services_EventInvoice_Detail" name="EditAdjustment" time="10.399"/>
  <system-out/>
  <testcase classname="testCases.Services_EventInvoice_Detail" name="editedAdjustment" time="0.375"/>
  <system-out/>
  <testcase classname="testCases.Services_EventInvoice_Detail" name="DeleteAdjust" time="8.460"/>
  <system-out/>
  <testcase classname="testCases.Services_EventInvoice_Detail" name="AddAdjustByButton" time="2.099"/>
  <system-out/>
  <testcase classname="testCases.Services_EventInvoice_Detail" name="AddAdjustButtonValidation" time="15.639"/>
  <system-out/>
  <testcase classname="testCases.Services_EventInvoice_Detail" name="AddNewAdjust" time="8.347"/>
  <system-out/>
  <testcase classname="testCases.Services_EventInvoice_Detail" name="SearchWithInvalidAdjust" time="4.229"/>
  <system-out/>
  <testcase classname="testCases.Services_EventInvoice_Detail" name="SearchwithValidNewAdjust" time="0.362"/>
  <system-out/>
  <testcase classname="testCases.Services_EventInvoice_Detail" name="EditNewAdjustment" time="8.325"/>
  <system-out/>
  <testcase classname="testCases.Services_EventInvoice_Detail" name="editedNewAdjustment" time="0.431"/>
  <system-out/>
  <testcase classname="testCases.Services_EventInvoice_Detail" name="DeleteNewAdjust" time="8.412"/>
  <system-out/>
  <testcase classname="testCases.Services_EventInvoice_Detail" name="sortAdjustmenu" time="18.672"/>
  <system-out/>
  <testcase classname="testCases.Services_EventInvoice_Detail" name="sortInvoiceLine" time="16.765"/>
  <system-out/>
  <testcase classname="testCases.Services_EventInvoice_Detail" name="VerifyViewall" time="6.724"/>
  <system-out/>
  <testcase classname="testCases.Services_EventInvoice_Detail" name="canceldetail" time="6.270"/>
  <system-out/>
</testsuite> <!-- testCases.Services_EventInvoice_Detail -->
