<?xml version="1.0" encoding="UTF-8"?>
<!-- Generated by org.testng.reporters.JUnitReportReporter -->
<testsuite hostname="PIL-L-L-21-032" failures="0" tests="20" name="testCases.OWCP_Detail" time="206.422" errors="0" timestamp="2021-05-05T12:31:35 IST" skipped="0">
  <testcase classname="testCases.OWCP_Detail" name="GoToAddOWCP" time="21.051"/>
  <system-out/>
  <testcase classname="testCases.OWCP_Detail" name="SearchOWCPRecord" time="17.634"/>
  <system-out/>
  <testcase classname="testCases.OWCP_Detail" name="GetRecord" time="0.009"/>
  <system-out/>
  <testcase classname="testCases.OWCP_Detail" name="GoCPTDetails" time="2.587"/>
  <system-out/>
  <testcase classname="testCases.OWCP_Detail" name="OWCPExpand" time="12.338"/>
  <system-out/>
  <testcase classname="testCases.OWCP_Detail" name="AddCPTFactorValidation" time="19.010"/>
  <system-out/>
  <testcase classname="testCases.OWCP_Detail" name="SearchAddedCode" time="2.197"/>
  <system-out/>
  <testcase classname="testCases.OWCP_Detail" name="EditCode" time="10.550"/>
  <system-out/>
  <testcase classname="testCases.OWCP_Detail" name="ExcelImportValidation" time="4.164"/>
  <system-out/>
  <testcase classname="testCases.OWCP_Detail" name="Download" time="2.174"/>
  <system-out/>
  <testcase classname="testCases.OWCP_Detail" name="VerifyInvalidUploadTemplate" time="10.261"/>
  <system-out/>
  <testcase classname="testCases.OWCP_Detail" name="VerifyValidUploadTemplate" time="16.549"/>
  <system-out/>
  <testcase classname="testCases.OWCP_Detail" name="SortBillingMedicareCode" time="12.393"/>
  <system-out/>
  <testcase classname="testCases.OWCP_Detail" name="deleteuploadedCPTFactor" time="14.557"/>
  <system-out/>
  <testcase classname="testCases.OWCP_Detail" name="SaveSatus" time="4.114"/>
  <system-out/>
  <testcase classname="testCases.OWCP_Detail" name="SubmitSatus" time="4.167"/>
  <system-out/>
  <testcase classname="testCases.OWCP_Detail" name="RejectStatus" time="12.470"/>
  <system-out/>
  <testcase classname="testCases.OWCP_Detail" name="AuditHistory" time="8.326"/>
  <system-out/>
  <testcase classname="testCases.OWCP_Detail" name="CancelStatus" time="0.411"/>
  <system-out/>
  <testcase classname="testCases.OWCP_Detail" name="DeleteMasterRecord" time="31.460"/>
  <system-out/>
</testsuite> <!-- testCases.OWCP_Detail -->
