<?xml version="1.0" encoding="UTF-8"?>
<!-- Generated by org.testng.reporters.JUnitReportReporter -->
<testsuite hostname="PIL-L-L-21-032" failures="0" tests="12" name="testCases.Cash_Postings_List" time="104.364" errors="0" timestamp="2021-05-13T19:07:49 IST" skipped="0">
  <testcase classname="testCases.Cash_Postings_List" name="clickServiceMenu" time="0.007"/>
  <system-out/>
  <testcase classname="testCases.Cash_Postings_List" name="clickCashPost" time="3.058"/>
  <system-out/>
  <testcase classname="testCases.Cash_Postings_List" name="verifyExpand" time="10.409"/>
  <system-out/>
  <testcase classname="testCases.Cash_Postings_List" name="VerifyNoResult" time="18.153"/>
  <system-out/>
  <testcase classname="testCases.Cash_Postings_List" name="clearsearch" time="2.230"/>
  <system-out/>
  <testcase classname="testCases.Cash_Postings_List" name="VerifySort" time="20.838"/>
  <system-out/>
  <testcase classname="testCases.Cash_Postings_List" name="VerifyPagination" time="8.345"/>
  <system-out/>
  <testcase classname="testCases.Cash_Postings_List" name="VerifySearchResult" time="17.248"/>
  <system-out/>
  <testcase classname="testCases.Cash_Postings_List" name="GetResult" time="0.414"/>
  <system-out/>
  <testcase classname="testCases.Cash_Postings_List" name="GoToDetails" time="5.046"/>
  <system-out/>
  <testcase classname="testCases.Cash_Postings_List" name="GoBackList" time="2.740"/>
  <system-out/>
  <testcase classname="testCases.Cash_Postings_List" name="VerifyAddNewvalidation" time="15.876"/>
  <system-out/>
</testsuite> <!-- testCases.Cash_Postings_List -->
