<?xml version="1.0" encoding="UTF-8"?>
<!-- Generated by org.testng.reporters.JUnitReportReporter -->
<testsuite hostname="PIL-L-L-21-032" failures="0" tests="2" name="testCases.AR_Aging_Details_Report" time="74.419" errors="0" timestamp="2021-05-06T11:52:08 IST" skipped="0">
  <testcase classname="testCases.AR_Aging_Details_Report" name="clickReports" time="3.180"/>
  <system-out/>
  <testcase classname="testCases.AR_Aging_Details_Report" name="ARAgingdetails" time="71.239"/>
  <system-out/>
</testsuite> <!-- testCases.AR_Aging_Details_Report -->
